<?xml version="1.0" encoding="UTF-8"?>
<testng-results ignored="0" total="1" passed="1" failed="0" skipped="0">
  <reporter-output>
  </reporter-output>
  <suite started-at="2025-08-05T18:13:43 IST" name="Default suite" finished-at="2025-08-05T18:13:43 IST" duration-ms="66">
    <groups>
    </groups>
    <test started-at="2025-08-05T18:13:43 IST" name="Default test" finished-at="2025-08-05T18:13:43 IST" duration-ms="66">
      <class name="javaPackage.Assertion3">
        <test-method signature="testCase4()[pri:0, instance:javaPackage.Assertion3@7b98f307]" started-at="2025-08-05T18:13:43 IST" name="testCase4" finished-at="2025-08-05T18:13:43 IST" duration-ms="15" status="PASS">
          <reporter-output>
          </reporter-output>
        </test-method> <!-- testCase4 -->
      </class> <!-- javaPackage.Assertion3 -->
    </test> <!-- Default test -->
  </suite> <!-- Default suite -->
</testng-results>
