<?xml version="1.0" encoding="UTF-8"?>
<!-- Generated by org.testng.reporters.JUnitXMLReporter -->
<testsuite ignored="3" hostname="DESKTOP-S2REQG0" failures="0" tests="1" name="Default test(failed)" time="0.069" errors="0" timestamp="2025-08-05T12:29:52 IST">
  <testcase classname="javaPackage.TestNG4" name="e" time="0.013">
    <skipped/>
  </testcase> <!-- e -->
  <testcase classname="javaPackage.TestNG4" name="b" time="0.0">
    <ignored/>
  </testcase> <!-- b -->
  <testcase classname="javaPackage.TestNG4" name="d" time="0.0">
    <ignored/>
  </testcase> <!-- d -->
  <testcase classname="javaPackage.TestNG4" name="c" time="0.0">
    <ignored/>
  </testcase> <!-- c -->
</testsuite> <!-- Default test(failed) -->
