<?xml version="1.0" encoding="UTF-8"?>
<!-- Generated by org.testng.reporters.JUnitXMLReporter -->
<testsuite ignored="27" hostname="DESKTOP-S2REQG0" failures="0" tests="2" name="Test" time="0.045" errors="0" timestamp="2025-07-31T17:04:33 IST">
  <testcase classname="javaPackage.TestNG7" name="e" time="0.008"/>
  <testcase classname="javaPackage.TestNG7" name="f" time="0.001"/>
  <testcase classname="javaPackage.TestNG1" name="n" time="0.0">
    <ignored/>
  </testcase> <!-- n -->
  <testcase classname="javaPackage.TestNG1" name="b1" time="0.0">
    <ignored/>
  </testcase> <!-- b1 -->
  <testcase classname="javaPackage.TestNG3" name="d" time="0.0">
    <ignored/>
  </testcase> <!-- d -->
  <testcase classname="javaPackage.TestNG2" name="aa" time="0.0">
    <ignored/>
  </testcase> <!-- aa -->
  <testcase classname="javaPackage.TestNG7" name="b" time="0.0">
    <ignored/>
  </testcase> <!-- b -->
  <testcase classname="javaPackage.TestNG3" name="b" time="0.0">
    <ignored/>
  </testcase> <!-- b -->
  <testcase classname="javaPackage.TestNG7" name="a" time="0.0">
    <ignored/>
  </testcase> <!-- a -->
  <testcase classname="javaPackage.TestNG7" name="c" time="0.0">
    <ignored/>
  </testcase> <!-- c -->
  <testcase classname="javaPackage.TestNG6" name="a" time="0.0">
    <ignored/>
  </testcase> <!-- a -->
  <testcase classname="javaPackage.TestNG4" name="e" time="0.0">
    <ignored/>
  </testcase> <!-- e -->
  <testcase classname="javaPackage.TestNG5" name="b" time="0.0">
    <ignored/>
  </testcase> <!-- b -->
  <testcase classname="javaPackage.TestNG6" name="z" time="0.0">
    <ignored/>
  </testcase> <!-- z -->
  <testcase classname="javaPackage.TestNG1" name="A1" time="0.0">
    <ignored/>
  </testcase> <!-- A1 -->
  <testcase classname="javaPackage.TestNG2" name="a1" time="0.0">
    <ignored/>
  </testcase> <!-- a1 -->
  <testcase classname="javaPackage.TestNG4" name="c" time="0.0">
    <ignored/>
  </testcase> <!-- c -->
  <testcase classname="javaPackage.TestNG2" name="a3" time="0.0">
    <ignored/>
  </testcase> <!-- a3 -->
  <testcase classname="javaPackage.TestNG1" name="a2" time="0.0">
    <ignored/>
  </testcase> <!-- a2 -->
  <testcase classname="javaPackage.TestNG3" name="a" time="0.0">
    <ignored/>
  </testcase> <!-- a -->
  <testcase classname="javaPackage.TestNG2" name="z" time="0.0">
    <ignored/>
  </testcase> <!-- z -->
  <testcase classname="javaPackage.TestNG3" name="c" time="0.0">
    <ignored/>
  </testcase> <!-- c -->
  <testcase classname="javaPackage.TestNG6" name="b" time="0.0">
    <ignored/>
  </testcase> <!-- b -->
  <testcase classname="javaPackage.TestNG7" name="d" time="0.0">
    <ignored/>
  </testcase> <!-- d -->
  <testcase classname="javaPackage.TestNG5" name="c" time="0.0">
    <ignored/>
  </testcase> <!-- c -->
  <testcase classname="javaPackage.TestNG4" name="d" time="0.0">
    <ignored/>
  </testcase> <!-- d -->
  <testcase classname="javaPackage.TestNG1" name="a1" time="0.0">
    <ignored/>
  </testcase> <!-- a1 -->
  <testcase classname="javaPackage.TestNG5" name="a" time="0.0">
    <ignored/>
  </testcase> <!-- a -->
  <testcase classname="javaPackage.TestNG4" name="b" time="0.0">
    <ignored/>
  </testcase> <!-- b -->
</testsuite> <!-- Test -->
